<?xml version="1.0" encoding="UTF-8"?>
<testng-results ignored="0" total="1" passed="1" failed="0" skipped="0">
  <reporter-output>
  </reporter-output>
  <suite started-at="2025-07-25T10:34:40 IST" name="Default suite" finished-at="2025-07-25T10:35:07 IST" duration-ms="27384">
    <groups>
    </groups>
    <test started-at="2025-07-25T10:34:40 IST" name="Default test" finished-at="2025-07-25T10:35:07 IST" duration-ms="27384">
      <class name="test1.LoginTest1">
        <test-method is-config="true" signature="setup()[pri:0, instance:test1.LoginTest1@76ed1b7c]" started-at="2025-07-25T10:34:40 IST" name="setup" finished-at="2025-07-25T10:34:51 IST" duration-ms="11506" status="PASS">
          <reporter-output>
          </reporter-output>
        </test-method> <!-- setup -->
        <test-method signature="loginToAutomationExercise()[pri:0, instance:test1.LoginTest1@76ed1b7c]" started-at="2025-07-25T10:34:51 IST" name="loginToAutomationExercise" finished-at="2025-07-25T10:35:06 IST" duration-ms="14848" status="PASS">
          <reporter-output>
          </reporter-output>
        </test-method> <!-- loginToAutomationExercise -->
        <test-method is-config="true" signature="tearDown()[pri:0, instance:test1.LoginTest1@76ed1b7c]" started-at="2025-07-25T10:35:06 IST" name="tearDown" finished-at="2025-07-25T10:35:07 IST" duration-ms="868" status="PASS">
          <reporter-output>
          </reporter-output>
        </test-method> <!-- tearDown -->
      </class> <!-- test1.LoginTest1 -->
    </test> <!-- Default test -->
  </suite> <!-- Default suite -->
</testng-results>
